<?xml version="1.0" encoding="UTF-8"?>
<!-- Generated by org.testng.reporters.JUnitReportReporter -->
<testsuite hostname="Eldrid" name="test.AddContactTest" tests="1" failures="0" timestamp="23 Sep 2018 15:47:39 GMT" time="44.938" errors="0">
  <testcase name="AddContact" time="44.938" classname="test.AddContactTest"/>
</testsuite> <!-- test.AddContactTest -->
